2022-02-08 02:54:02,673 - T265ProcessManager - INFO - start process
2022-02-08 02:54:06,687 - IntakeCameraProcessManager - INFO - start process
2022-02-08 02:54:06,690 - TargetCameraProcessManager - INFO - start process
2022-02-08 02:54:06,693 - T265ProcessManager - INFO - update rate  0.0hz
2022-02-08 02:54:09,688 - IntakeCameraProcessManager - INFO - update rate  infhz
2022-02-08 02:54:09,694 - T265ProcessManager - INFO - update rate  infhz
2022-02-08 02:54:12,689 - IntakeCameraProcessManager - INFO - update rate  infhz
2022-02-08 02:54:12,695 - T265ProcessManager - INFO - update rate  infhz
2022-02-08 02:54:15,689 - IntakeCameraProcessManager - INFO - update rate  infhz
2022-02-08 02:54:15,695 - T265ProcessManager - INFO - update rate  infhz
2022-02-08 02:54:18,690 - IntakeCameraProcessManager - INFO - update rate  infhz
2022-02-08 02:54:18,696 - T265ProcessManager - INFO - update rate  infhz
2022-02-08 02:54:21,691 - IntakeCameraProcessManager - INFO - update rate  infhz
2022-02-08 02:54:21,697 - T265ProcessManager - INFO - update rate  infhz
2022-02-08 02:54:24,691 - IntakeCameraProcessManager - INFO - update rate  infhz
2022-02-08 02:54:24,697 - T265ProcessManager - INFO - update rate  infhz
2022-02-08 02:54:27,691 - IntakeCameraProcessManager - INFO - update rate  infhz
2022-02-08 02:54:27,697 - T265ProcessManager - INFO - update rate  infhz
2022-02-08 02:54:30,692 - IntakeCameraProcessManager - INFO - update rate  infhz
2022-02-08 02:54:30,698 - T265ProcessManager - INFO - update rate  infhz
